2023-09-14 14:46:14,729 [INFO] Activator:176 - 


2023-09-14 14:46:14,737 [INFO] Activator:177 - !SESSION log4j initialized
2023-09-14 14:46:22,829 [INFO] LogOutputStream:77 - [STDOUT_REDIRECT] 
2023-09-14 14:46:24,654 [INFO] ApplicationProperties:184 - Using Application install path: C:\ST\STM32CubeIDE_1.13.0\STM32CubeIDE\plugins\com.st.stm32cube.common.mx_6.9.0.202307051724
2023-09-14 14:46:24,700 [INFO] DbMcusXml:78 - Set database path to: C:\ST\STM32CubeIDE_1.13.0\STM32CubeIDE\plugins\com.st.stm32cube.common.mx_6.9.0.202307051724\\db\/mcu/
2023-09-14 14:46:24,701 [INFO] ApiDb:274 - Set plugin database path to: C:\ST\STM32CubeIDE_1.13.0\STM32CubeIDE\plugins\com.st.stm32cube.common.mx_6.9.0.202307051724\\db\/plugins/boardmanager/
2023-09-14 14:46:24,701 [WARN] ApiDb:259 - Overriding images path with different value:  => C:\ST\STM32CubeIDE_1.13.0\STM32CubeIDE\plugins\com.st.stm32cube.common.mx_6.9.0.202307051724\\db\/plugins/mcufinder/images/
2023-09-14 14:46:24,719 [INFO] ApiDb:250 - Set database path to: C:\Users\AVI003\.stmcufinder\plugins\mcufinder//mcu/
2023-09-14 14:46:24,720 [INFO] DbMcusAds:125 - Set database path to: C:\Users\AVI003\.stmcufinder\plugins\mcufinder//mcu/
2023-09-14 14:46:24,723 [INFO] CrossReferenceDbSqlite:203 - Set database path to: C:\Users\AVI003\.stmcufinder\plugins\mcufinder//mcu/cs/
2023-09-14 14:46:24,846 [INFO] RulesReader:64 - Compatibility file has been processed (293 Rules)
2023-09-14 14:46:24,938 [INFO] DbMcusXml:78 - Set database path to: C:\ST\STM32CubeIDE_1.13.0\STM32CubeIDE\plugins\com.st.stm32cube.common.mx_6.9.0.202307051724\\db\/mcu/
2023-09-14 14:46:24,938 [INFO] ApiDb:274 - Set plugin database path to: C:\ST\STM32CubeIDE_1.13.0\STM32CubeIDE\plugins\com.st.stm32cube.common.mx_6.9.0.202307051724\\db\/plugins/boardmanager/
2023-09-14 14:46:24,938 [INFO] ApiDb:261 - Set plugin images path to: C:\ST\STM32CubeIDE_1.13.0\STM32CubeIDE\plugins\com.st.stm32cube.common.mx_6.9.0.202307051724\\db\/plugins/mcufinder/images/
2023-09-14 14:46:24,938 [WARN] DbFile:41 - Overriding database path with different value: C:\Users\AVI003\.stmcufinder\plugins\mcufinder/ => C:\Users\AVI003\.stmcufinder\plugins\mcufinder
2023-09-14 14:46:24,938 [INFO] ApiDb:250 - Set database path to: C:\Users\AVI003\.stmcufinder\plugins\mcufinder//mcu/
2023-09-14 14:46:24,939 [WARN] DbFile:41 - Overriding database path with different value: C:\Users\AVI003\.stmcufinder\plugins\mcufinder/ => C:\Users\AVI003\.stmcufinder\plugins\mcufinder
2023-09-14 14:46:24,939 [INFO] DbMcusAds:125 - Set database path to: C:\Users\AVI003\.stmcufinder\plugins\mcufinder//mcu/
2023-09-14 14:46:24,939 [WARN] DbFile:41 - Overriding database path with different value: C:\Users\AVI003\.stmcufinder\plugins\mcufinder/ => C:\Users\AVI003\.stmcufinder\plugins\mcufinder
2023-09-14 14:46:24,939 [WARN] DbFile:41 - Overriding database path with different value: C:\Users\AVI003\.stmcufinder\plugins\mcufinder/ => C:\Users\AVI003\.stmcufinder\plugins\mcufinder
2023-09-14 14:46:24,939 [INFO] CrossReferenceDbSqlite:203 - Set database path to: C:\Users\AVI003\.stmcufinder\plugins\mcufinder//mcu/cs/
2023-09-14 14:46:25,041 [INFO] MainPanel:262 - HeapMemory: 268435456
2023-09-14 14:46:25,169 [INFO] DbMcusXml:78 - Set database path to: C:\ST\STM32CubeIDE_1.13.0\STM32CubeIDE\plugins\com.st.stm32cube.common.mx_6.9.0.202307051724\\db\/mcu/
2023-09-14 14:46:25,169 [INFO] ApiDb:274 - Set plugin database path to: C:\ST\STM32CubeIDE_1.13.0\STM32CubeIDE\plugins\com.st.stm32cube.common.mx_6.9.0.202307051724\\db\/plugins/boardmanager/
2023-09-14 14:46:25,169 [INFO] ApiDb:261 - Set plugin images path to: C:\ST\STM32CubeIDE_1.13.0\STM32CubeIDE\plugins\com.st.stm32cube.common.mx_6.9.0.202307051724\\db\/plugins/mcufinder/images/
2023-09-14 14:46:25,171 [WARN] DbFile:41 - Overriding database path with different value: C:\Users\AVI003\.stmcufinder\plugins\mcufinder/ => C:\Users\AVI003\.stmcufinder\plugins\mcufinder
2023-09-14 14:46:25,171 [INFO] ApiDb:250 - Set database path to: C:\Users\AVI003\.stmcufinder\plugins\mcufinder//mcu/
2023-09-14 14:46:25,172 [WARN] DbFile:41 - Overriding database path with different value: C:\Users\AVI003\.stmcufinder\plugins\mcufinder/ => C:\Users\AVI003\.stmcufinder\plugins\mcufinder
2023-09-14 14:46:25,172 [INFO] DbMcusAds:125 - Set database path to: C:\Users\AVI003\.stmcufinder\plugins\mcufinder//mcu/
2023-09-14 14:46:25,172 [WARN] DbFile:41 - Overriding database path with different value: C:\Users\AVI003\.stmcufinder\plugins\mcufinder/ => C:\Users\AVI003\.stmcufinder\plugins\mcufinder
2023-09-14 14:46:25,172 [WARN] DbFile:41 - Overriding database path with different value: C:\Users\AVI003\.stmcufinder\plugins\mcufinder/ => C:\Users\AVI003\.stmcufinder\plugins\mcufinder
2023-09-14 14:46:25,172 [INFO] CrossReferenceDbSqlite:203 - Set database path to: C:\Users\AVI003\.stmcufinder\plugins\mcufinder//mcu/cs/
2023-09-14 14:46:25,199 [INFO] ApplicationProperties:184 - Using Application install path: C:\ST\STM32CubeIDE_1.13.0\STM32CubeIDE\plugins\com.st.stm32cube.common.mx_6.9.0.202307051724
2023-09-14 14:46:25,200 [INFO] PluginManage:196 - Search for loadable plugins [exclusion list=, ]
2023-09-14 14:46:25,202 [INFO] PluginManage:310 - Check plugin analytics
2023-09-14 14:46:25,392 [INFO] AnalyticsPlugin:253 - Accepted Software Licenses: 
2023-09-14 14:46:25,392 [INFO] AnalyticsPlugin:255 - Accepted CMSIS Pack Licenses: 
2023-09-14 14:46:25,392 [INFO] AnalyticsPlugin:257 - Accepted Firmware Licenses: FW.F7.1.17.0
2023-09-14 14:46:25,395 [INFO] PluginManage:359 - Loaded plugin analytics (category:tool,tabindex:-1)
2023-09-14 14:46:25,396 [INFO] PluginManage:310 - Check plugin cadmodel
2023-09-14 14:46:25,403 [INFO] CADModel:105 - Init CAD model plugin
2023-09-14 14:46:25,404 [INFO] PluginManage:359 - Loaded plugin cadmodel (category:power,tabindex:5)
2023-09-14 14:46:25,404 [INFO] PluginManage:310 - Check plugin clock
2023-09-14 14:46:25,417 [INFO] PluginManage:359 - Loaded plugin clock (category:base,tabindex:2)
2023-09-14 14:46:25,418 [INFO] PluginManage:310 - Check plugin ddr
2023-09-14 14:46:25,422 [INFO] PluginManage:359 - Loaded plugin ddr (category:tool,tabindex:6)
2023-09-14 14:46:25,422 [INFO] PluginManage:310 - Check plugin filemanager
2023-09-14 14:46:25,577 [INFO] PluginManage:359 - Loaded plugin filemanager (category:base,tabindex:10)
2023-09-14 14:46:25,577 [INFO] PluginManage:310 - Check plugin ipmanager
2023-09-14 14:46:25,585 [INFO] PluginManage:359 - Loaded plugin ipmanager (category:base,tabindex:5)
2023-09-14 14:46:25,586 [INFO] PluginManage:310 - Check plugin lpbam
2023-09-14 14:46:25,595 [INFO] PluginManage:359 - Loaded plugin lpbam (category:base,tabindex:0)
2023-09-14 14:46:25,595 [INFO] PluginManage:310 - Check plugin memorymap
2023-09-14 14:46:25,613 [INFO] PluginManage:359 - Loaded plugin memorymap (category:base,tabindex:4)
2023-09-14 14:46:25,613 [INFO] PluginManage:310 - Check plugin pinoutandconfiguration
2023-09-14 14:46:25,624 [INFO] PluginManage:359 - Loaded plugin pinoutandconfiguration (category:base,tabindex:1)
2023-09-14 14:46:25,624 [INFO] PluginManage:310 - Check plugin pinoutconfig
2023-09-14 14:46:25,736 [WARN] SupportedApi:132 - Cannot load RTOS API schema: s4s-elt-must-match.1: The content of 'definitions' must match (annotation?, (simpleType | complexType)?, (unique | key | keyref)*)). A problem was found starting at: attribute.
2023-09-14 14:46:25,929 [INFO] PluginManage:359 - Loaded plugin pinoutconfig (category:base,tabindex:0)
2023-09-14 14:46:25,929 [INFO] PluginManage:310 - Check plugin power
2023-09-14 14:46:25,945 [INFO] PluginManage:359 - Loaded plugin power (category:power,tabindex:4)
2023-09-14 14:46:25,945 [INFO] PluginManage:310 - Check plugin projectmanager
2023-09-14 14:46:25,963 [INFO] PluginManage:359 - Loaded plugin projectmanager (category:projectmanager,tabindex:3)
2023-09-14 14:46:25,963 [INFO] PluginManage:310 - Check plugin thirdparty
2023-09-14 14:46:26,201 [INFO] PluginManage:359 - Loaded plugin thirdparty (category:base,tabindex:-1)
2023-09-14 14:46:26,201 [WARN] IntegrityCheckThread:84 - waiting for thirdparty lock release [integrity check]
2023-09-14 14:46:26,202 [INFO] PluginManage:310 - Check plugin tools
2023-09-14 14:46:26,202 [INFO] IntegrityCheckThread:86 - entering critical section [integrity check]
2023-09-14 14:46:26,203 [INFO] ThirdPartyUpdaterWithRetryManager:70 - Updater plugin not ready yet. [1/15]
2023-09-14 14:46:26,207 [INFO] PluginManage:359 - Loaded plugin tools (category:base,tabindex:7)
2023-09-14 14:46:26,207 [INFO] PluginManage:310 - Check plugin tutovideos
2023-09-14 14:46:26,513 [INFO] PluginManage:359 - Loaded plugin tutovideos (category:base,tabindex:-1)
2023-09-14 14:46:26,514 [INFO] PluginManage:310 - Check plugin updater
2023-09-14 14:46:26,532 [INFO] PluginManage:359 - Loaded plugin updater (category:base,tabindex:12)
2023-09-14 14:46:26,533 [INFO] PluginManage:310 - Check plugin userauth
2023-09-14 14:46:26,541 [INFO] UserAuth:113 - Init User Auth plugin
2023-09-14 14:46:26,542 [INFO] PluginManage:359 - Loaded plugin userauth (category:base,tabindex:14)
2023-09-14 14:46:26,542 [INFO] PluginManage:283 - PluginManage : Loaded plugins [17]
2023-09-14 14:46:26,859 [INFO] PinOutPanel:1499 - setPackage(No Configuration,No Configuration)
2023-09-14 14:46:26,978 [INFO] CADModel:165 - CPN selected for project level
2023-09-14 14:46:26,978 [INFO] CADModel:114 - Register for checkConnection events
2023-09-14 14:46:26,996 [INFO] IPUIPlugin:80 - create IPUIPlugin
2023-09-14 14:46:26,996 [INFO] PluginManager:220 - loadIPPluginJar : add adc
2023-09-14 14:46:26,999 [INFO] IPUIPlugin:80 - create IPUIPlugin
2023-09-14 14:46:27,000 [INFO] PluginManager:220 - loadIPPluginJar : add aes
2023-09-14 14:46:27,002 [INFO] IPUIPlugin:80 - create IPUIPlugin
2023-09-14 14:46:27,002 [INFO] PluginManager:220 - loadIPPluginJar : add can
2023-09-14 14:46:27,005 [INFO] IPUIPlugin:80 - create IPUIPlugin
2023-09-14 14:46:27,005 [INFO] PluginManager:220 - loadIPPluginJar : add comp
2023-09-14 14:46:27,007 [INFO] IPUIPlugin:80 - create IPUIPlugin
2023-09-14 14:46:27,007 [INFO] PluginManager:220 - loadIPPluginJar : add cryp
2023-09-14 14:46:27,010 [INFO] IPUIPlugin:80 - create IPUIPlugin
2023-09-14 14:46:27,010 [INFO] PluginManager:220 - loadIPPluginJar : add dfsdm
2023-09-14 14:46:27,014 [INFO] IPUIPlugin:80 - create IPUIPlugin
2023-09-14 14:46:27,015 [INFO] PluginManager:220 - loadIPPluginJar : add dma
2023-09-14 14:46:27,016 [INFO] IPUIPlugin:80 - create IPUIPlugin
2023-09-14 14:46:27,016 [INFO] PluginManager:220 - loadIPPluginJar : add dma3
2023-09-14 14:46:27,017 [INFO] IPUIPlugin:80 - create IPUIPlugin
2023-09-14 14:46:27,018 [INFO] PluginManager:220 - loadIPPluginJar : add fatfs
2023-09-14 14:46:27,021 [INFO] IPUIPlugin:80 - create IPUIPlugin
2023-09-14 14:46:27,021 [INFO] PluginManager:220 - loadIPPluginJar : add fmc
2023-09-14 14:46:27,027 [INFO] IPUIPlugin:80 - create IPUIPlugin
2023-09-14 14:46:27,027 [INFO] PluginManager:220 - loadIPPluginJar : add freertos
2023-09-14 14:46:27,028 [INFO] IPUIPlugin:80 - create IPUIPlugin
2023-09-14 14:46:27,028 [INFO] PluginManager:220 - loadIPPluginJar : add genericplugin
2023-09-14 14:46:27,030 [INFO] IPUIPlugin:80 - create IPUIPlugin
2023-09-14 14:46:27,030 [INFO] PluginManager:220 - loadIPPluginJar : add gfxmmu
2023-09-14 14:46:27,033 [INFO] IPUIPlugin:80 - create IPUIPlugin
2023-09-14 14:46:27,033 [INFO] PluginManager:220 - loadIPPluginJar : add gic
2023-09-14 14:46:27,037 [INFO] IPUIPlugin:80 - create IPUIPlugin
2023-09-14 14:46:27,037 [INFO] PluginManager:220 - loadIPPluginJar : add gpio
2023-09-14 14:46:27,041 [INFO] IPUIPlugin:80 - create IPUIPlugin
2023-09-14 14:46:27,041 [INFO] PluginManager:220 - loadIPPluginJar : add gtzc
2023-09-14 14:46:27,043 [INFO] IPUIPlugin:80 - create IPUIPlugin
2023-09-14 14:46:27,043 [INFO] PluginManager:220 - loadIPPluginJar : add hash
2023-09-14 14:46:27,045 [INFO] IPUIPlugin:80 - create IPUIPlugin
2023-09-14 14:46:27,045 [INFO] PluginManager:220 - loadIPPluginJar : add i2c
2023-09-14 14:46:27,048 [INFO] IPUIPlugin:80 - create IPUIPlugin
2023-09-14 14:46:27,048 [INFO] PluginManager:220 - loadIPPluginJar : add i2s
2023-09-14 14:46:27,050 [INFO] IPUIPlugin:80 - create IPUIPlugin
2023-09-14 14:46:27,050 [INFO] PluginManager:220 - loadIPPluginJar : add i3c
2023-09-14 14:46:27,052 [INFO] IPUIPlugin:80 - create IPUIPlugin
2023-09-14 14:46:27,052 [INFO] PluginManager:220 - loadIPPluginJar : add ipddr
2023-09-14 14:46:27,059 [INFO] IPUIPlugin:80 - create IPUIPlugin
2023-09-14 14:46:27,059 [INFO] PluginManager:220 - loadIPPluginJar : add linkedlist
2023-09-14 14:46:27,062 [INFO] IPUIPlugin:80 - create IPUIPlugin
2023-09-14 14:46:27,062 [INFO] PluginManager:220 - loadIPPluginJar : add lorawan
2023-09-14 14:46:27,064 [INFO] IPUIPlugin:80 - create IPUIPlugin
2023-09-14 14:46:27,064 [INFO] PluginManager:220 - loadIPPluginJar : add ltdc
2023-09-14 14:46:27,069 [INFO] IPUIPlugin:80 - create IPUIPlugin
2023-09-14 14:46:27,069 [INFO] PluginManager:220 - loadIPPluginJar : add mdma
2023-09-14 14:46:27,075 [INFO] IPUIPlugin:80 - create IPUIPlugin
2023-09-14 14:46:27,076 [INFO] PluginManager:220 - loadIPPluginJar : add nvic
2023-09-14 14:46:27,078 [INFO] IPUIPlugin:80 - create IPUIPlugin
2023-09-14 14:46:27,079 [INFO] PluginManager:220 - loadIPPluginJar : add opamp
2023-09-14 14:46:27,082 [INFO] IPUIPlugin:80 - create IPUIPlugin
2023-09-14 14:46:27,082 [INFO] PluginManager:220 - loadIPPluginJar : add openamp
2023-09-14 14:46:27,085 [INFO] IPUIPlugin:80 - create IPUIPlugin
2023-09-14 14:46:27,085 [INFO] PluginManager:220 - loadIPPluginJar : add pdm2pcm
2023-09-14 14:46:27,092 [INFO] IPUIPlugin:80 - create IPUIPlugin
2023-09-14 14:46:27,094 [INFO] PluginManager:220 - loadIPPluginJar : add plateformsettings
2023-09-14 14:46:27,096 [INFO] IPUIPlugin:80 - create IPUIPlugin
2023-09-14 14:46:27,096 [INFO] PluginManager:220 - loadIPPluginJar : add quadspi
2023-09-14 14:46:27,101 [INFO] IPUIPlugin:80 - create IPUIPlugin
2023-09-14 14:46:27,101 [INFO] PluginManager:220 - loadIPPluginJar : add resmgrutility
2023-09-14 14:46:27,105 [INFO] IPUIPlugin:80 - create IPUIPlugin
2023-09-14 14:46:27,106 [INFO] PluginManager:220 - loadIPPluginJar : add sai
2023-09-14 14:46:27,108 [INFO] IPUIPlugin:80 - create IPUIPlugin
2023-09-14 14:46:27,108 [INFO] PluginManager:220 - loadIPPluginJar : add spi
2023-09-14 14:46:27,112 [INFO] IPUIPlugin:80 - create IPUIPlugin
2023-09-14 14:46:27,113 [INFO] PluginManager:220 - loadIPPluginJar : add stm32_wpan
2023-09-14 14:46:27,115 [INFO] IPUIPlugin:80 - create IPUIPlugin
2023-09-14 14:46:27,115 [INFO] PluginManager:220 - loadIPPluginJar : add tim
2023-09-14 14:46:27,118 [INFO] IPUIPlugin:80 - create IPUIPlugin
2023-09-14 14:46:27,118 [INFO] PluginManager:220 - loadIPPluginJar : add touchsensing
2023-09-14 14:46:27,120 [INFO] IPUIPlugin:80 - create IPUIPlugin
2023-09-14 14:46:27,120 [INFO] PluginManager:220 - loadIPPluginJar : add tracer_emb
2023-09-14 14:46:27,122 [INFO] IPUIPlugin:80 - create IPUIPlugin
2023-09-14 14:46:27,123 [INFO] PluginManager:220 - loadIPPluginJar : add ts
2023-09-14 14:46:27,124 [INFO] IPUIPlugin:80 - create IPUIPlugin
2023-09-14 14:46:27,124 [INFO] PluginManager:220 - loadIPPluginJar : add tsc
2023-09-14 14:46:27,126 [INFO] IPUIPlugin:80 - create IPUIPlugin
2023-09-14 14:46:27,126 [INFO] PluginManager:220 - loadIPPluginJar : add ucpd
2023-09-14 14:46:27,128 [INFO] IPUIPlugin:80 - create IPUIPlugin
2023-09-14 14:46:27,128 [INFO] PluginManager:220 - loadIPPluginJar : add usart
2023-09-14 14:46:27,131 [INFO] IPUIPlugin:80 - create IPUIPlugin
2023-09-14 14:46:27,131 [INFO] PluginManager:220 - loadIPPluginJar : add usbx
2023-09-14 14:46:27,272 [INFO] CADModel:165 - CPN selected for project level
2023-09-14 14:46:27,273 [INFO] CADModel:114 - Register for checkConnection events
2023-09-14 14:46:27,273 [FATAL] Updater:308 - Updater called before beeing initialized
2023-09-14 14:46:27,273 [ERROR] CADModel:125 - Updater not yet initialized, retry later 
2023-09-14 14:46:27,431 [INFO] CADModel:165 - CPN selected for project level
2023-09-14 14:46:27,431 [INFO] CADModel:114 - Register for checkConnection events
2023-09-14 14:46:27,431 [FATAL] Updater:308 - Updater called before beeing initialized
2023-09-14 14:46:27,431 [ERROR] CADModel:125 - Updater not yet initialized, retry later 
2023-09-14 14:46:27,434 [FATAL] Updater:308 - Updater called before beeing initialized
2023-09-14 14:46:27,565 [FATAL] Updater:308 - Updater called before beeing initialized
2023-09-14 14:46:27,569 [INFO] DbMcusAds:53 - JSON generation date=Tue Mar 07 15:50:55 ICT 2023 (1678179055114)
2023-09-14 14:46:27,570 [FATAL] Updater:308 - Updater called before beeing initialized
2023-09-14 14:46:27,618 [WARN] DetailPanel:346 - Failed to get advertising image, set to default
2023-09-14 14:46:27,714 [FATAL] Updater:308 - Updater called before beeing initialized
2023-09-14 14:46:27,727 [FATAL] Updater:308 - Updater called before beeing initialized
2023-09-14 14:46:27,727 [FATAL] Updater:308 - Updater called before beeing initialized
2023-09-14 14:46:27,727 [WARN] DetailPanel:346 - Failed to get advertising image, set to default
2023-09-14 14:46:27,728 [FATAL] Updater:308 - Updater called before beeing initialized
2023-09-14 14:46:27,779 [ERROR] Updater:1120 - MainUpdater not yet initialized. External WinMGr cannot be set.
2023-09-14 14:46:27,782 [INFO] Updater:1056 - Updater Version found : 6.9.0
2023-09-14 14:46:27,803 [INFO] ApplicationProperties:184 - Using Application install path: C:\ST\STM32CubeIDE_1.13.0\STM32CubeIDE\plugins\com.st.stm32cube.common.mx_6.9.0.202307051724
2023-09-14 14:46:27,920 [INFO] MainUpdater:2868 - connection check result : 10
2023-09-14 14:46:27,920 [INFO] MainUpdater:285 - Updater Check For Update Now.
2023-09-14 14:46:27,921 [INFO] MicroXplorer:498 - Change Database Version : DB.6.0.90
2023-09-14 14:46:27,926 [INFO] McuFinderGlobals:63 - Set McuFinder mode to 2 (CubeIDE integrated)
2023-09-14 14:46:27,926 [INFO] UserAuth:179 - activating auth plugin
2023-09-14 14:46:27,929 [INFO] UserAuth:393 - Internet connection configuration mode: 1
2023-09-14 14:46:27,956 [INFO] JxBrowserEngine:151 - Initiate JxBrowser Engine with user profile folder
2023-09-14 14:46:28,098 [INFO] CheckServerUpdateThread:120 - End of CheckServer Thread
2023-09-14 14:46:29,065 [INFO] WebApp:157 - Instantiating new browser for Auth
2023-09-14 14:46:29,381 [WARN] PackLoader:240 - Cannot read IP mode file for STMicroelectronics.X-CUBE-SMBUS.2.1.0
2023-09-14 14:46:29,418 [WARN] PackLoader:240 - Cannot read IP mode file for STMicroelectronics.X-CUBE-AZRTOS-F7.1.1.0
2023-09-14 14:46:29,429 [WARN] PackLoader:240 - Cannot read IP mode file for STMicroelectronics.FP-SNS-MOTENV1.4.3.2
2023-09-14 14:46:29,442 [WARN] PackLoader:240 - Cannot read IP mode file for STMicroelectronics.X-CUBE-BLE1.6.2.4
2023-09-14 14:46:29,453 [WARN] PackLoader:240 - Cannot read IP mode file for STMicroelectronics.X-CUBE-DISPLAY.3.0.0
2023-09-14 14:46:29,462 [WARN] PackLoader:240 - Cannot read IP mode file for STMicroelectronics.X-CUBE-BLE1.7.0.0
2023-09-14 14:46:29,467 [WARN] PackLoader:240 - Cannot read IP mode file for emotas.I-CUBE-CANOPEN.1.3.0
2023-09-14 14:46:29,474 [WARN] PackLoader:240 - Cannot read IP mode file for STMicroelectronics.X-CUBE-TOUCHGFX.4.22.0
2023-09-14 14:46:29,478 [WARN] PackLoader:240 - Cannot read IP mode file for STMicroelectronics.FP-SNS-SMARTAG2.1.2.0
2023-09-14 14:46:29,496 [INFO] LogOutputStream:77 - [STDOUT_REDIRECT] 1 : Invalid condition id : UX_CORESTACK_Condition cause : null
2023-09-14 14:46:29,496 [INFO] LogOutputStream:77 - [STDOUT_REDIRECT] 1 : Invalid condition id : UX_CORESTACK_Condition cause : null
2023-09-14 14:46:29,498 [INFO] LogOutputStream:77 - [STDOUT_REDIRECT] 1 : Invalid condition id : UX_CORESTACK_Condition cause : null
2023-09-14 14:46:29,499 [INFO] LogOutputStream:77 - [STDOUT_REDIRECT] 1 : Invalid condition id : UX_CORESTACK_Condition cause : null
2023-09-14 14:46:29,500 [INFO] LogOutputStream:77 - [STDOUT_REDIRECT] 1 : Invalid condition id : UX_CORESTACK_Condition cause : null
2023-09-14 14:46:29,505 [WARN] PackLoader:240 - Cannot read IP mode file for STMicroelectronics.X-CUBE-AZRTOS-WL.2.0.0
2023-09-14 14:46:29,515 [WARN] PackLoader:240 - Cannot read IP mode file for WES.I-CUBE-Cesium.1.3.0
2023-09-14 14:46:29,521 [WARN] PackLoader:240 - Cannot read IP mode file for STMicroelectronics.X-CUBE-BLE2.3.3.0
2023-09-14 14:46:29,529 [WARN] PackLoader:240 - Cannot read IP mode file for STMicroelectronics.X-CUBE-ALGOBUILD.1.3.0
2023-09-14 14:46:29,559 [WARN] PackLoader:240 - Cannot read IP mode file for STMicroelectronics.X-CUBE-AZRTOS-G0.1.1.0
2023-09-14 14:46:29,573 [WARN] PackLoader:240 - Cannot read IP mode file for STMicroelectronics.X-CUBE-NFC4.3.0.0
2023-09-14 14:46:29,580 [WARN] PackLoader:240 - Cannot read IP mode file for STMicroelectronics.FP-ATR-SIGFOX1.3.2.0
2023-09-14 14:46:29,621 [WARN] PackLoader:240 - Cannot read IP mode file for SEGGER.I-CUBE-embOS.1.3.1
2023-09-14 14:46:29,695 [WARN] PackLoader:240 - Cannot read IP mode file for STMicroelectronics.X-CUBE-GNSS1.6.0.0
2023-09-14 14:46:29,720 [WARN] PackLoader:240 - Cannot read IP mode file for STMicroelectronics.X-CUBE-AZRTOS-F4.1.1.0
2023-09-14 14:46:29,728 [WARN] PackLoader:240 - Cannot read IP mode file for wolfSSL.I-CUBE-wolfSSL.5.6.3
2023-09-14 14:46:29,750 [WARN] PackLoader:240 - Cannot read IP mode file for STMicroelectronics.X-CUBE-AZRTOS-L5.2.0.0
2023-09-14 14:46:29,803 [WARN] PackLoader:240 - Cannot read IP mode file for STMicroelectronics.X-CUBE-MEMS1.9.6.0
2023-09-14 14:46:29,950 [INFO] WebApp:753 - Register for checkConnection events
2023-09-14 14:46:29,951 [INFO] WebApp:390 - Apply proxy settings
2023-09-14 14:46:29,951 [INFO] WebApp:475 - Chromium requires no authentication
2023-09-14 14:46:29,954 [WARN] PackLoader:240 - Cannot read IP mode file for STMicroelectronics.X-CUBE-BLEMGR.2.0.0
2023-09-14 14:46:29,962 [INFO] WebApp:418 - Direct internet connection detected
2023-09-14 14:46:29,971 [WARN] ConditionMgr:438 - getConditionDescription Invalid condition id : UX DEVICE CLASS RTOS Condition cause : null
2023-09-14 14:46:29,972 [WARN] ConditionMgr:438 - getConditionDescription Invalid condition id : UX DEVICE CLASS RTOS Condition cause : null
2023-09-14 14:46:29,974 [WARN] PackLoader:240 - Cannot read IP mode file for STMicroelectronics.X-CUBE-AZRTOS-H7.3.1.0
2023-09-14 14:46:29,975 [WARN] ConditionMgr:1039 - genDependencies : Invalid condition id : UX DEVICE CLASS RTOS Condition cause : null
2023-09-14 14:46:29,975 [WARN] ConditionMgr:1039 - genDependencies : Invalid condition id : UX DEVICE CLASS RTOS Condition cause : null
2023-09-14 14:46:29,976 [WARN] ConditionMgr:1039 - genDependencies : Invalid condition id : UX DEVICE CLASS RTOS Condition cause : null
2023-09-14 14:46:29,977 [WARN] ConditionMgr:1039 - genDependencies : Invalid condition id : UX DEVICE CLASS RTOS Condition cause : null
2023-09-14 14:46:29,977 [WARN] ConditionMgr:1039 - genDependencies : Invalid condition id : UX DEVICE CLASS RTOS Condition cause : null
2023-09-14 14:46:29,984 [WARN] PackLoader:240 - Cannot read IP mode file for STMicroelectronics.X-CUBE-NFC7.1.0.1
2023-09-14 14:46:29,992 [WARN] PackLoader:240 - Cannot read IP mode file for STMicroelectronics.X-CUBE-NFC6.3.0.0
2023-09-14 14:46:29,999 [WARN] PackLoader:240 - Cannot read IP mode file for STMicroelectronics.X-CUBE-EEPRMA1.4.1.0
2023-09-14 14:46:30,004 [WARN] PackLoader:240 - Cannot read IP mode file for STMicroelectronics.X-CUBE-AI.8.1.0
2023-09-14 14:46:30,020 [WARN] ConditionMgr:438 - getConditionDescription Invalid condition id : LAN8742 Phy interface Condition cause : null
2023-09-14 14:46:30,021 [WARN] PackLoader:240 - Cannot read IP mode file for STMicroelectronics.X-CUBE-AZRTOS-L4.2.0.0
2023-09-14 14:46:30,022 [WARN] ConditionMgr:1039 - genDependencies : Invalid condition id : LAN8742 Phy interface Condition cause : null
2023-09-14 14:46:30,022 [WARN] ConditionMgr:1039 - genDependencies : Invalid condition id : LAN8742 Phy interface Condition cause : null
2023-09-14 14:46:30,022 [WARN] ConditionMgr:1039 - genDependencies : Invalid condition id : LAN8742 Phy interface Condition cause : null
2023-09-14 14:46:30,031 [WARN] PackLoader:240 - Cannot read IP mode file for STMicroelectronics.X-CUBE-SFXS2LP1.4.0.0
2023-09-14 14:46:30,038 [WARN] PackLoader:240 - Cannot read IP mode file for STMicroelectronics.X-CUBE-ISPU.1.1.0
2023-09-14 14:46:30,049 [WARN] ConditionMgr:438 - getConditionDescription Invalid condition id : UX DEVICE CLASS RTOS Condition cause : null
2023-09-14 14:46:30,050 [WARN] ConditionMgr:438 - getConditionDescription Invalid condition id : UX DEVICE CLASS RTOS Condition cause : null
2023-09-14 14:46:30,052 [WARN] PackLoader:240 - Cannot read IP mode file for STMicroelectronics.X-CUBE-AZRTOS-WB.2.0.0
2023-09-14 14:46:30,053 [WARN] ConditionMgr:1039 - genDependencies : Invalid condition id : UX DEVICE CLASS RTOS Condition cause : null
2023-09-14 14:46:30,053 [WARN] ConditionMgr:1039 - genDependencies : Invalid condition id : UX DEVICE CLASS RTOS Condition cause : null
2023-09-14 14:46:30,054 [WARN] ConditionMgr:1039 - genDependencies : Invalid condition id : UX DEVICE CLASS RTOS Condition cause : null
2023-09-14 14:46:30,054 [WARN] ConditionMgr:1039 - genDependencies : Invalid condition id : UX DEVICE CLASS RTOS Condition cause : null
2023-09-14 14:46:30,054 [WARN] ConditionMgr:1039 - genDependencies : Invalid condition id : UX DEVICE CLASS RTOS Condition cause : null
2023-09-14 14:46:30,060 [WARN] PackLoader:240 - Cannot read IP mode file for STMicroelectronics.X-CUBE-FREERTOS.1.0.1
2023-09-14 14:46:30,075 [WARN] PackLoader:240 - Cannot read IP mode file for STMicroelectronics.X-CUBE-AZRTOS-L5.1.1.0
2023-09-14 14:46:30,082 [WARN] PackLoader:240 - Cannot read IP mode file for STMicroelectronics.X-CUBE-AI.8.0.1
2023-09-14 14:46:30,092 [WARN] PackLoader:240 - Cannot read IP mode file for STMicroelectronics.X-CUBE-SUBG2.5.0.0
2023-09-14 14:46:30,109 [WARN] PackLoader:240 - Cannot read IP mode file for STMicroelectronics.X-CUBE-AZRTOS-G4.2.0.0
2023-09-14 14:46:30,114 [WARN] PackLoader:240 - Cannot read IP mode file for STMicroelectronics.X-CUBE-FREERTOS.1.1.0
2023-09-14 14:46:30,120 [WARN] PackLoader:240 - Cannot read IP mode file for portGmbH.I-Cube-SoM-uGOAL.1.1.0
2023-09-14 14:46:30,126 [WARN] PackLoader:240 - Cannot read IP mode file for STMicroelectronics.X-CUBE-ALS.1.0.1
2023-09-14 14:46:30,131 [WARN] PackLoader:240 - Cannot read IP mode file for STMicroelectronics.FP-ATR-ASTRA1.2.0.0
2023-09-14 14:46:30,131 [INFO] ThirdParty:978 - Integrity check success = true
2023-09-14 14:46:30,132 [INFO] IntegrityCheckThread:100 - exiting critical section [integrity check]
2023-09-14 14:46:30,132 [INFO] IntegrityCheckThread:103 - End integrity checks thread
2023-09-14 14:46:30,211 [INFO] WebApp:188 - Starting web application
2023-09-14 14:46:30,211 [INFO] WebApp:520 - Web application path used C:\ST\STM32CubeIDE_1.13.0\STM32CubeIDE\plugins\com.st.stm32cube.common.mx_6.9.0.202307051724\db\plugins\mcufinder\reactClient1\index.html
2023-09-14 14:46:50,862 [ERROR] LogOutputStream:75 - [STDERR_REDIRECT] SLF4J: Failed to load class "org.slf4j.impl.StaticLoggerBinder".
2023-09-14 14:46:50,863 [ERROR] LogOutputStream:75 - [STDERR_REDIRECT] SLF4J: Defaulting to no-operation (NOP) logger implementation
2023-09-14 14:46:50,863 [ERROR] LogOutputStream:75 - [STDERR_REDIRECT] SLF4J: See http://www.slf4j.org/codes.html#StaticLoggerBinder for further details.
